# JRE version: OpenJDK Runtime Environment Temurin-21.0.3+9 (21.0.3+9) (build 21.0.3+9-LTS)
# Java VM: OpenJDK 64-Bit Server VM Temurin-21.0.3+9 (21.0.3+9-LTS, mixed mode, emulated-client, sharing, tiered, compressed oops, compressed class ptrs, g1 gc, windows-amd64)
GC Precious Log:
 CardTable entry size: 512
 Card Set container configuration: InlinePtr #cards 4 size 8 Array Of Cards #cards 16 size 48 Howl #buckets 8 coarsen threshold 3686 Howl Bitmap #cards 512 size 80 coarsen threshold 460 Card regions per heap region 1 cards per card region 4096
 CPUs: 8 total, 8 available
 Memory: 16101M
 Large Page Support: Disabled
 NUMA Support: Disabled
 Compressed Oops: Enabled (Zero based)
 Heap Region Size: 2M
 Heap Min Capacity: 8M
 Heap Initial Capacity: 252M
 Heap Max Capacity: 4026M
 Pre-touch: Disabled
 Parallel Workers: 8
 Concurrent Workers: 2
 Concurrent Refinement Workers: 8
 Periodic GC: Disabled
Heap:
 garbage-first heap   total 137216K, used 115575K [0x0000000704600000, 0x0000000800000000)
  region size 2048K, 28 young (57344K), 3 survivors (6144K)
 Metaspace       used 95987K, committed 97152K, reserved 1179648K
  class space    used 12664K, committed 13248K, reserved 1048576K
GC Heap History (20 events):
Event: 5613.714 GC heap after
{Heap after GC invocations=92 (full 20):
 garbage-first heap   total 137216K, used 51166K [0x0000000704600000, 0x0000000800000000)
  region size 2048K, 3 young (6144K), 3 survivors (6144K)
 Metaspace       used 92082K, committed 93248K, reserved 1179648K
  class space    used 12309K, committed 12864K, reserved 1048576K
}
Event: 5978.717 GC heap before
{Heap before GC invocations=92 (full 20):
 garbage-first heap   total 137216K, used 114654K [0x0000000704600000, 0x0000000800000000)
  region size 2048K, 35 young (71680K), 3 survivors (6144K)
 Metaspace       used 92555K, committed 93632K, reserved 1179648K
  class space    used 12337K, committed 12864K, reserved 1048576K
}
Event: 5978.740 GC heap after
{Heap after GC invocations=93 (full 20):
 garbage-first heap   total 137216K, used 52070K [0x0000000704600000, 0x0000000800000000)
  region size 2048K, 4 young (8192K), 4 survivors (8192K)
 Metaspace       used 92555K, committed 93632K, reserved 1179648K
  class space    used 12337K, committed 12864K, reserved 1048576K
}
Event: 6536.959 GC heap before
{Heap before GC invocations=93 (full 20):
 garbage-first heap   total 137216K, used 97126K [0x0000000704600000, 0x0000000800000000)
  region size 2048K, 27 young (55296K), 4 survivors (8192K)
 Metaspace       used 92558K, committed 93696K, reserved 1179648K
  class space    used 12337K, committed 12864K, reserved 1048576K
}
Event: 6537.054 GC heap after
{Heap after GC invocations=94 (full 21):
 garbage-first heap   total 137216K, used 42314K [0x0000000704600000, 0x0000000800000000)
  region size 2048K, 0 young (0K), 0 survivors (0K)
 Metaspace       used 92398K, committed 93696K, reserved 1179648K
  class space    used 12298K, committed 12864K, reserved 1048576K
}
Event: 6538.531 GC heap before
{Heap before GC invocations=94 (full 21):
 garbage-first heap   total 137216K, used 113994K [0x0000000704600000, 0x0000000800000000)
  region size 2048K, 36 young (73728K), 0 survivors (0K)
 Metaspace       used 92976K, committed 94080K, reserved 1179648K
  class space    used 12380K, committed 12928K, reserved 1048576K
}
Event: 6538.537 GC heap after
{Heap after GC invocations=95 (full 21):
 garbage-first heap   total 137216K, used 48746K [0x0000000704600000, 0x0000000800000000)
  region size 2048K, 4 young (8192K), 4 survivors (8192K)
 Metaspace       used 92976K, committed 94080K, reserved 1179648K
  class space    used 12380K, committed 12928K, reserved 1048576K
}
Event: 6777.781 GC heap before
{Heap before GC invocations=95 (full 21):
 garbage-first heap   total 137216K, used 112234K [0x0000000704600000, 0x0000000800000000)
  region size 2048K, 36 young (73728K), 4 survivors (8192K)
 Metaspace       used 93505K, committed 94656K, reserved 1179648K
  class space    used 12433K, committed 12992K, reserved 1048576K
}
Event: 6777.880 GC heap after
{Heap after GC invocations=96 (full 22):
 garbage-first heap   total 137216K, used 46767K [0x0000000704600000, 0x0000000800000000)
  region size 2048K, 0 young (0K), 0 survivors (0K)
 Metaspace       used 93417K, committed 94656K, reserved 1179648K
  class space    used 12413K, committed 12992K, reserved 1048576K
}
Event: 6778.819 GC heap before
{Heap before GC invocations=96 (full 22):
 garbage-first heap   total 137216K, used 116399K [0x0000000704600000, 0x0000000800000000)
  region size 2048K, 35 young (71680K), 0 survivors (0K)
 Metaspace       used 93888K, committed 95040K, reserved 1179648K
  class space    used 12467K, committed 12992K, reserved 1048576K
}
Event: 6778.824 GC heap after
{Heap after GC invocations=97 (full 22):
 garbage-first heap   total 137216K, used 52202K [0x0000000704600000, 0x0000000800000000)
  region size 2048K, 3 young (6144K), 3 survivors (6144K)
 Metaspace       used 93888K, committed 95040K, reserved 1179648K
  class space    used 12467K, committed 12992K, reserved 1048576K
}
Event: 6827.104 GC heap before
{Heap before GC invocations=97 (full 22):
 garbage-first heap   total 137216K, used 119786K [0x0000000704600000, 0x0000000800000000)
  region size 2048K, 36 young (73728K), 3 survivors (6144K)
 Metaspace       used 94489K, committed 95680K, reserved 1179648K
  class space    used 12544K, committed 13120K, reserved 1048576K
}
Event: 6827.111 GC heap after
{Heap after GC invocations=98 (full 22):
 garbage-first heap   total 137216K, used 55720K [0x0000000704600000, 0x0000000800000000)
  region size 2048K, 5 young (10240K), 5 survivors (10240K)
 Metaspace       used 94489K, committed 95680K, reserved 1179648K
  class space    used 12544K, committed 13120K, reserved 1048576K
}
Event: 6843.593 GC heap before
{Heap before GC invocations=98 (full 22):
 garbage-first heap   total 137216K, used 115112K [0x0000000704600000, 0x0000000800000000)
  region size 2048K, 34 young (69632K), 5 survivors (10240K)
 Metaspace       used 95067K, committed 96320K, reserved 1179648K
  class space    used 12595K, committed 13184K, reserved 1048576K
}
Event: 6843.602 GC heap after
{Heap after GC invocations=99 (full 22):
 garbage-first heap   total 137216K, used 58127K [0x0000000704600000, 0x0000000800000000)
  region size 2048K, 4 young (8192K), 4 survivors (8192K)
 Metaspace       used 95067K, committed 96320K, reserved 1179648K
  class space    used 12595K, committed 13184K, reserved 1048576K
}
Event: 6866.220 GC heap before
{Heap before GC invocations=99 (full 22):
 garbage-first heap   total 137216K, used 115471K [0x0000000704600000, 0x0000000800000000)
  region size 2048K, 32 young (65536K), 4 survivors (8192K)
 Metaspace       used 95490K, committed 96704K, reserved 1179648K
  class space    used 12627K, committed 13184K, reserved 1048576K
}
Event: 6866.227 GC heap after
{Heap after GC invocations=100 (full 22):
 garbage-first heap   total 137216K, used 60331K [0x0000000704600000, 0x0000000800000000)
  region size 2048K, 3 young (6144K), 3 survivors (6144K)
 Metaspace       used 95490K, committed 96704K, reserved 1179648K
  class space    used 12627K, committed 13184K, reserved 1048576K
}
Event: 6867.442 GC heap before
{Heap before GC invocations=101 (full 22):
 garbage-first heap   total 137216K, used 117675K [0x0000000704600000, 0x0000000800000000)
  region size 2048K, 32 young (65536K), 3 survivors (6144K)
 Metaspace       used 95657K, committed 96832K, reserved 1179648K
  class space    used 12639K, committed 13184K, reserved 1048576K
}
Event: 6867.449 GC heap after
{Heap after GC invocations=102 (full 22):
 garbage-first heap   total 137216K, used 64375K [0x0000000704600000, 0x0000000800000000)
  region size 2048K, 4 young (8192K), 4 survivors (8192K)
 Metaspace       used 95657K, committed 96832K, reserved 1179648K
  class space    used 12639K, committed 13184K, reserved 1048576K
}
Event: 7010.429 GC heap before
{Heap before GC invocations=102 (full 22):
 garbage-first heap   total 137216K, used 115575K [0x0000000704600000, 0x0000000800000000)
  region size 2048K, 29 young (59392K), 4 survivors (8192K)
 Metaspace       used 95987K, committed 97152K, reserved 1179648K
  class space    used 12664K, committed 13248K, reserved 1048576K
}

