# JRE version: OpenJDK Runtime Environment Temurin-21.0.3+9 (21.0.3+9) (build 21.0.3+9-LTS)
# Java VM: OpenJDK 64-Bit Server VM Temurin-21.0.3+9 (21.0.3+9-LTS, mixed mode, emulated-client, sharing, tiered, compressed oops, compressed class ptrs, g1 gc, windows-amd64)
GC Precious Log:
 CardTable entry size: 512
 Card Set container configuration: InlinePtr #cards 4 size 8 Array Of Cards #cards 16 size 48 Howl #buckets 8 coarsen threshold 3686 Howl Bitmap #cards 512 size 80 coarsen threshold 460 Card regions per heap region 1 cards per card region 4096
 CPUs: 8 total, 8 available
 Memory: 16101M
 Large Page Support: Disabled
 NUMA Support: Disabled
 Compressed Oops: Enabled (Zero based)
 Heap Region Size: 2M
 Heap Min Capacity: 8M
 Heap Initial Capacity: 252M
 Heap Max Capacity: 4026M
 Pre-touch: Disabled
 Parallel Workers: 8
 Concurrent Workers: 2
 Concurrent Refinement Workers: 8
 Periodic GC: Disabled
Heap:
 garbage-first heap   total 116736K, used 92560K [0x0000000704600000, 0x0000000800000000)
  region size 2048K, 29 young (59392K), 2 survivors (4096K)
 Metaspace       used 85254K, committed 86336K, reserved 1179648K
  class space    used 11743K, committed 12224K, reserved 1048576K
GC Heap History (20 events):
Event: 6167.934 GC heap after
{Heap after GC invocations=126 (full 24):
 garbage-first heap   total 102400K, used 42227K [0x0000000704600000, 0x0000000800000000)
  region size 2048K, 4 young (8192K), 4 survivors (8192K)
 Metaspace       used 82206K, committed 83200K, reserved 1179648K
  class space    used 11255K, committed 11712K, reserved 1048576K
}
Event: 6168.151 GC heap before
{Heap before GC invocations=126 (full 24):
 garbage-first heap   total 102400K, used 83187K [0x0000000704600000, 0x0000000800000000)
  region size 2048K, 25 young (51200K), 4 survivors (8192K)
 Metaspace       used 84002K, committed 84992K, reserved 1179648K
  class space    used 11633K, committed 12096K, reserved 1048576K
}
Event: 6168.162 GC heap after
{Heap after GC invocations=127 (full 24):
 garbage-first heap   total 104448K, used 51335K [0x0000000704600000, 0x0000000800000000)
  region size 2048K, 4 young (8192K), 4 survivors (8192K)
 Metaspace       used 84002K, committed 84992K, reserved 1179648K
  class space    used 11633K, committed 12096K, reserved 1048576K
}
Event: 6168.250 GC heap before
{Heap before GC invocations=128 (full 24):
 garbage-first heap   total 120832K, used 86151K [0x0000000704600000, 0x0000000800000000)
  region size 2048K, 21 young (43008K), 4 survivors (8192K)
 Metaspace       used 84010K, committed 84992K, reserved 1179648K
  class space    used 11633K, committed 12096K, reserved 1048576K
}
Event: 6168.259 GC heap after
{Heap after GC invocations=129 (full 24):
 garbage-first heap   total 120832K, used 58625K [0x0000000704600000, 0x0000000800000000)
  region size 2048K, 3 young (6144K), 3 survivors (6144K)
 Metaspace       used 84010K, committed 84992K, reserved 1179648K
  class space    used 11633K, committed 12096K, reserved 1048576K
}
Event: 6168.410 GC heap before
{Heap before GC invocations=129 (full 24):
 garbage-first heap   total 120832K, used 99585K [0x0000000704600000, 0x0000000800000000)
  region size 2048K, 23 young (47104K), 3 survivors (6144K)
 Metaspace       used 84746K, committed 85760K, reserved 1179648K
  class space    used 11697K, committed 12160K, reserved 1048576K
}
Event: 6168.420 GC heap after
{Heap after GC invocations=130 (full 24):
 garbage-first heap   total 120832K, used 68772K [0x0000000704600000, 0x0000000800000000)
  region size 2048K, 3 young (6144K), 3 survivors (6144K)
 Metaspace       used 84746K, committed 85760K, reserved 1179648K
  class space    used 11697K, committed 12160K, reserved 1048576K
}
Event: 6191.975 GC heap before
{Heap before GC invocations=130 (full 24):
 garbage-first heap   total 120832K, used 91300K [0x0000000704600000, 0x0000000800000000)
  region size 2048K, 15 young (30720K), 3 survivors (6144K)
 Metaspace       used 84917K, committed 85952K, reserved 1179648K
  class space    used 11718K, committed 12224K, reserved 1048576K
}
Event: 6192.053 GC heap after
{Heap after GC invocations=131 (full 25):
 garbage-first heap   total 116736K, used 31881K [0x0000000704600000, 0x0000000800000000)
  region size 2048K, 0 young (0K), 0 survivors (0K)
 Metaspace       used 84031K, committed 85824K, reserved 1179648K
  class space    used 11633K, committed 12224K, reserved 1048576K
}
Event: 6193.943 GC heap before
{Heap before GC invocations=131 (full 25):
 garbage-first heap   total 116736K, used 83081K [0x0000000704600000, 0x0000000800000000)
  region size 2048K, 26 young (53248K), 0 survivors (0K)
 Metaspace       used 84233K, committed 85824K, reserved 1179648K
  class space    used 11657K, committed 12224K, reserved 1048576K
}
Event: 6193.947 GC heap after
{Heap after GC invocations=132 (full 25):
 garbage-first heap   total 116736K, used 36757K [0x0000000704600000, 0x0000000800000000)
  region size 2048K, 3 young (6144K), 3 survivors (6144K)
 Metaspace       used 84233K, committed 85824K, reserved 1179648K
  class space    used 11657K, committed 12224K, reserved 1048576K
}
Event: 6207.266 GC heap before
{Heap before GC invocations=133 (full 25):
 garbage-first heap   total 116736K, used 87957K [0x0000000704600000, 0x0000000800000000)
  region size 2048K, 28 young (57344K), 3 survivors (6144K)
 Metaspace       used 84714K, committed 85888K, reserved 1179648K
  class space    used 11701K, committed 12224K, reserved 1048576K
}
Event: 6207.271 GC heap after
{Heap after GC invocations=134 (full 25):
 garbage-first heap   total 116736K, used 39114K [0x0000000704600000, 0x0000000800000000)
  region size 2048K, 2 young (4096K), 2 survivors (4096K)
 Metaspace       used 84714K, committed 85888K, reserved 1179648K
  class space    used 11701K, committed 12224K, reserved 1048576K
}
Event: 6207.828 GC heap before
{Heap before GC invocations=134 (full 25):
 garbage-first heap   total 116736K, used 90314K [0x0000000704600000, 0x0000000800000000)
  region size 2048K, 28 young (57344K), 2 survivors (4096K)
 Metaspace       used 85207K, committed 86208K, reserved 1179648K
  class space    used 11745K, committed 12224K, reserved 1048576K
}
Event: 6207.833 GC heap after
{Heap after GC invocations=135 (full 25):
 garbage-first heap   total 116736K, used 42111K [0x0000000704600000, 0x0000000800000000)
  region size 2048K, 4 young (8192K), 4 survivors (8192K)
 Metaspace       used 85207K, committed 86208K, reserved 1179648K
  class space    used 11745K, committed 12224K, reserved 1048576K
}
Event: 6238.606 GC heap before
{Heap before GC invocations=135 (full 25):
 garbage-first heap   total 116736K, used 81023K [0x0000000704600000, 0x0000000800000000)
  region size 2048K, 24 young (49152K), 4 survivors (8192K)
 Metaspace       used 85470K, committed 86464K, reserved 1179648K
  class space    used 11762K, committed 12224K, reserved 1048576K
}
Event: 6238.681 GC heap after
{Heap after GC invocations=136 (full 26):
 garbage-first heap   total 116736K, used 32492K [0x0000000704600000, 0x0000000800000000)
  region size 2048K, 0 young (0K), 0 survivors (0K)
 Metaspace       used 84642K, committed 86336K, reserved 1179648K
  class space    used 11687K, committed 12224K, reserved 1048576K
}
Event: 6240.230 GC heap before
{Heap before GC invocations=136 (full 26):
 garbage-first heap   total 116736K, used 89836K [0x0000000704600000, 0x0000000800000000)
  region size 2048K, 29 young (59392K), 0 survivors (0K)
 Metaspace       used 84903K, committed 86336K, reserved 1179648K
  class space    used 11718K, committed 12224K, reserved 1048576K
}
Event: 6240.235 GC heap after
{Heap after GC invocations=137 (full 26):
 garbage-first heap   total 116736K, used 37264K [0x0000000704600000, 0x0000000800000000)
  region size 2048K, 3 young (6144K), 3 survivors (6144K)
 Metaspace       used 84903K, committed 86336K, reserved 1179648K
  class space    used 11718K, committed 12224K, reserved 1048576K
}
Event: 6385.559 GC heap before
{Heap before GC invocations=138 (full 26):
 garbage-first heap   total 116736K, used 90512K [0x0000000704600000, 0x0000000800000000)
  region size 2048K, 30 young (61440K), 3 survivors (6144K)
 Metaspace       used 85254K, committed 86336K, reserved 1179648K
  class space    used 11743K, committed 12224K, reserved 1048576K
}

