# JRE version: OpenJDK Runtime Environment Temurin-21.0.3+9 (21.0.3+9) (build 21.0.3+9-LTS)
# Java VM: OpenJDK 64-Bit Server VM Temurin-21.0.3+9 (21.0.3+9-LTS, mixed mode, emulated-client, sharing, tiered, compressed oops, compressed class ptrs, g1 gc, windows-amd64)
GC Precious Log:
 CardTable entry size: 512
 Card Set container configuration: InlinePtr #cards 4 size 8 Array Of Cards #cards 16 size 48 Howl #buckets 8 coarsen threshold 3686 Howl Bitmap #cards 512 size 80 coarsen threshold 460 Card regions per heap region 1 cards per card region 4096
 CPUs: 8 total, 8 available
 Memory: 16101M
 Large Page Support: Disabled
 NUMA Support: Disabled
 Compressed Oops: Enabled (Zero based)
 Heap Region Size: 2M
 Heap Min Capacity: 8M
 Heap Initial Capacity: 252M
 Heap Max Capacity: 4026M
 Pre-touch: Disabled
 Parallel Workers: 8
 Concurrent Workers: 2
 Concurrent Refinement Workers: 8
 Periodic GC: Disabled
Heap:
 garbage-first heap   total 98304K, used 52319K [0x0000000704600000, 0x0000000800000000)
  region size 2048K, 15 young (30720K), 4 survivors (8192K)
 Metaspace       used 72424K, committed 73152K, reserved 1114112K
  class space    used 9995K, committed 10304K, reserved 1048576K
GC Heap History (20 events):
Event: 272.712 GC heap before
{Heap before GC invocations=27 (full 2):
 garbage-first heap   total 98304K, used 72473K [0x0000000704600000, 0x0000000800000000)
  region size 2048K, 24 young (49152K), 2 survivors (4096K)
 Metaspace       used 70483K, committed 71168K, reserved 1114112K
  class space    used 9790K, committed 10112K, reserved 1048576K
}
Event: 272.766 GC heap after
{Heap after GC invocations=28 (full 3):
 garbage-first heap   total 98304K, used 28425K [0x0000000704600000, 0x0000000800000000)
  region size 2048K, 0 young (0K), 0 survivors (0K)
 Metaspace       used 70457K, committed 71168K, reserved 1114112K
  class space    used 9784K, committed 10112K, reserved 1048576K
}
Event: 273.515 GC heap before
{Heap before GC invocations=28 (full 3):
 garbage-first heap   total 98304K, used 83721K [0x0000000704600000, 0x0000000800000000)
  region size 2048K, 28 young (57344K), 0 survivors (0K)
 Metaspace       used 70665K, committed 71360K, reserved 1114112K
  class space    used 9813K, committed 10112K, reserved 1048576K
}
Event: 273.520 GC heap after
{Heap after GC invocations=29 (full 3):
 garbage-first heap   total 98304K, used 33525K [0x0000000704600000, 0x0000000800000000)
  region size 2048K, 3 young (6144K), 3 survivors (6144K)
 Metaspace       used 70665K, committed 71360K, reserved 1114112K
  class space    used 9813K, committed 10112K, reserved 1048576K
}
Event: 274.004 GC heap before
{Heap before GC invocations=29 (full 3):
 garbage-first heap   total 98304K, used 82677K [0x0000000704600000, 0x0000000800000000)
  region size 2048K, 27 young (55296K), 3 survivors (6144K)
 Metaspace       used 71252K, committed 71936K, reserved 1114112K
  class space    used 9861K, committed 10176K, reserved 1048576K
}
Event: 274.009 GC heap after
{Heap after GC invocations=30 (full 3):
 garbage-first heap   total 98304K, used 35663K [0x0000000704600000, 0x0000000800000000)
  region size 2048K, 2 young (4096K), 2 survivors (4096K)
 Metaspace       used 71252K, committed 71936K, reserved 1114112K
  class space    used 9861K, committed 10176K, reserved 1048576K
}
Event: 299.515 GC heap before
{Heap before GC invocations=30 (full 3):
 garbage-first heap   total 98304K, used 41807K [0x0000000704600000, 0x0000000800000000)
  region size 2048K, 6 young (12288K), 2 survivors (4096K)
 Metaspace       used 71260K, committed 71936K, reserved 1114112K
  class space    used 9863K, committed 10176K, reserved 1048576K
}
Event: 299.574 GC heap after
{Heap after GC invocations=31 (full 4):
 garbage-first heap   total 98304K, used 27901K [0x0000000704600000, 0x0000000800000000)
  region size 2048K, 0 young (0K), 0 survivors (0K)
 Metaspace       used 71219K, committed 71936K, reserved 1114112K
  class space    used 9852K, committed 10176K, reserved 1048576K
}
Event: 300.303 GC heap before
{Heap before GC invocations=31 (full 4):
 garbage-first heap   total 98304K, used 81149K [0x0000000704600000, 0x0000000800000000)
  region size 2048K, 27 young (55296K), 0 survivors (0K)
 Metaspace       used 71414K, committed 72064K, reserved 1114112K
  class space    used 9879K, committed 10176K, reserved 1048576K
}
Event: 300.307 GC heap after
{Heap after GC invocations=32 (full 4):
 garbage-first heap   total 98304K, used 32454K [0x0000000704600000, 0x0000000800000000)
  region size 2048K, 3 young (6144K), 3 survivors (6144K)
 Metaspace       used 71414K, committed 72064K, reserved 1114112K
  class space    used 9879K, committed 10176K, reserved 1048576K
}
Event: 300.712 GC heap before
{Heap before GC invocations=32 (full 4):
 garbage-first heap   total 98304K, used 79558K [0x0000000704600000, 0x0000000800000000)
  region size 2048K, 26 young (53248K), 3 survivors (6144K)
 Metaspace       used 71992K, committed 72704K, reserved 1114112K
  class space    used 9921K, committed 10240K, reserved 1048576K
}
Event: 300.717 GC heap after
{Heap after GC invocations=33 (full 4):
 garbage-first heap   total 98304K, used 35159K [0x0000000704600000, 0x0000000800000000)
  region size 2048K, 2 young (4096K), 2 survivors (4096K)
 Metaspace       used 71992K, committed 72704K, reserved 1114112K
  class space    used 9921K, committed 10240K, reserved 1048576K
}
Event: 1014.812 GC heap before
{Heap before GC invocations=33 (full 4):
 garbage-first heap   total 98304K, used 82263K [0x0000000704600000, 0x0000000800000000)
  region size 2048K, 25 young (51200K), 2 survivors (4096K)
 Metaspace       used 72020K, committed 72704K, reserved 1114112K
  class space    used 9929K, committed 10240K, reserved 1048576K
}
Event: 1014.817 GC heap after
{Heap after GC invocations=34 (full 4):
 garbage-first heap   total 98304K, used 36965K [0x0000000704600000, 0x0000000800000000)
  region size 2048K, 3 young (6144K), 3 survivors (6144K)
 Metaspace       used 72020K, committed 72704K, reserved 1114112K
  class space    used 9929K, committed 10240K, reserved 1048576K
}
Event: 1850.950 GC heap before
{Heap before GC invocations=35 (full 4):
 garbage-first heap   total 98304K, used 79973K [0x0000000704600000, 0x0000000800000000)
  region size 2048K, 24 young (49152K), 3 survivors (6144K)
 Metaspace       used 71972K, committed 72704K, reserved 1114112K
  class space    used 9918K, committed 10240K, reserved 1048576K
}
Event: 1850.955 GC heap after
{Heap after GC invocations=36 (full 4):
 garbage-first heap   total 98304K, used 37113K [0x0000000704600000, 0x0000000800000000)
  region size 2048K, 2 young (4096K), 2 survivors (4096K)
 Metaspace       used 71972K, committed 72704K, reserved 1114112K
  class space    used 9918K, committed 10240K, reserved 1048576K
}
Event: 2272.302 GC heap before
{Heap before GC invocations=36 (full 4):
 garbage-first heap   total 98304K, used 76025K [0x0000000704600000, 0x0000000800000000)
  region size 2048K, 22 young (45056K), 2 survivors (4096K)
 Metaspace       used 72033K, committed 72704K, reserved 1114112K
  class space    used 9928K, committed 10240K, reserved 1048576K
}
Event: 2272.366 GC heap after
{Heap after GC invocations=37 (full 5):
 garbage-first heap   total 98304K, used 25549K [0x0000000704600000, 0x0000000800000000)
  region size 2048K, 0 young (0K), 0 survivors (0K)
 Metaspace       used 71968K, committed 72704K, reserved 1114112K
  class space    used 9915K, committed 10240K, reserved 1048576K
}
Event: 2273.101 GC heap before
{Heap before GC invocations=37 (full 5):
 garbage-first heap   total 98304K, used 78797K [0x0000000704600000, 0x0000000800000000)
  region size 2048K, 27 young (55296K), 0 survivors (0K)
 Metaspace       used 72268K, committed 73024K, reserved 1114112K
  class space    used 9975K, committed 10304K, reserved 1048576K
}
Event: 2273.106 GC heap after
{Heap after GC invocations=38 (full 5):
 garbage-first heap   total 98304K, used 31839K [0x0000000704600000, 0x0000000800000000)
  region size 2048K, 4 young (8192K), 4 survivors (8192K)
 Metaspace       used 72268K, committed 73024K, reserved 1114112K
  class space    used 9975K, committed 10304K, reserved 1048576K
}

