# JRE version: OpenJDK Runtime Environment Temurin-21.0.3+9 (21.0.3+9) (build 21.0.3+9-LTS)
# Java VM: OpenJDK 64-Bit Server VM Temurin-21.0.3+9 (21.0.3+9-LTS, mixed mode, emulated-client, sharing, tiered, compressed oops, compressed class ptrs, g1 gc, windows-amd64)
GC Precious Log:
 CardTable entry size: 512
 Card Set container configuration: InlinePtr #cards 4 size 8 Array Of Cards #cards 16 size 48 Howl #buckets 8 coarsen threshold 3686 Howl Bitmap #cards 512 size 80 coarsen threshold 460 Card regions per heap region 1 cards per card region 4096
 CPUs: 8 total, 8 available
 Memory: 16101M
 Large Page Support: Disabled
 NUMA Support: Disabled
 Compressed Oops: Enabled (Zero based)
 Heap Region Size: 2M
 Heap Min Capacity: 8M
 Heap Initial Capacity: 252M
 Heap Max Capacity: 4026M
 Pre-touch: Disabled
 Parallel Workers: 8
 Concurrent Workers: 2
 Concurrent Refinement Workers: 8
 Periodic GC: Disabled
Heap:
 garbage-first heap   total 102400K, used 85655K [0x0000000704600000, 0x0000000800000000)
  region size 2048K, 25 young (51200K), 2 survivors (4096K)
 Metaspace       used 87312K, committed 88256K, reserved 1179648K
  class space    used 11899K, committed 12352K, reserved 1048576K
GC Heap History (20 events):
Event: 6361.512 GC heap after
{Heap after GC invocations=111 (full 20):
 garbage-first heap   total 102400K, used 33055K [0x0000000704600000, 0x0000000800000000)
  region size 2048K, 0 young (0K), 0 survivors (0K)
 Metaspace       used 86787K, committed 87808K, reserved 1179648K
  class space    used 11840K, committed 12288K, reserved 1048576K
}
Event: 6362.306 GC heap before
{Heap before GC invocations=111 (full 20):
 garbage-first heap   total 102400K, used 88351K [0x0000000704600000, 0x0000000800000000)
  region size 2048K, 27 young (55296K), 0 survivors (0K)
 Metaspace       used 87037K, committed 87936K, reserved 1179648K
  class space    used 11874K, committed 12288K, reserved 1048576K
}
Event: 6362.310 GC heap after
{Heap after GC invocations=112 (full 20):
 garbage-first heap   total 102400K, used 37688K [0x0000000704600000, 0x0000000800000000)
  region size 2048K, 3 young (6144K), 3 survivors (6144K)
 Metaspace       used 87037K, committed 87936K, reserved 1179648K
  class space    used 11874K, committed 12288K, reserved 1048576K
}
Event: 6362.939 GC heap before
{Heap before GC invocations=113 (full 20):
 garbage-first heap   total 102400K, used 86840K [0x0000000704600000, 0x0000000800000000)
  region size 2048K, 27 young (55296K), 3 survivors (6144K)
 Metaspace       used 87654K, committed 88576K, reserved 1179648K
  class space    used 11919K, committed 12352K, reserved 1048576K
}
Event: 6362.943 GC heap after
{Heap after GC invocations=114 (full 20):
 garbage-first heap   total 102400K, used 39241K [0x0000000704600000, 0x0000000800000000)
  region size 2048K, 2 young (4096K), 2 survivors (4096K)
 Metaspace       used 87654K, committed 88576K, reserved 1179648K
  class space    used 11919K, committed 12352K, reserved 1048576K
}
Event: 6364.263 GC heap before
{Heap before GC invocations=114 (full 20):
 garbage-first heap   total 102400K, used 41289K [0x0000000704600000, 0x0000000800000000)
  region size 2048K, 4 young (8192K), 2 survivors (4096K)
 Metaspace       used 87656K, committed 88576K, reserved 1179648K
  class space    used 11920K, committed 12352K, reserved 1048576K
}
Event: 6364.331 GC heap after
{Heap after GC invocations=115 (full 21):
 garbage-first heap   total 102400K, used 33292K [0x0000000704600000, 0x0000000800000000)
  region size 2048K, 0 young (0K), 0 survivors (0K)
 Metaspace       used 86769K, committed 88448K, reserved 1179648K
  class space    used 11850K, committed 12352K, reserved 1048576K
}
Event: 6365.995 GC heap before
{Heap before GC invocations=115 (full 21):
 garbage-first heap   total 102400K, used 88588K [0x0000000704600000, 0x0000000800000000)
  region size 2048K, 27 young (55296K), 0 survivors (0K)
 Metaspace       used 87005K, committed 88448K, reserved 1179648K
  class space    used 11878K, committed 12352K, reserved 1048576K
}
Event: 6366.000 GC heap after
{Heap after GC invocations=116 (full 21):
 garbage-first heap   total 102400K, used 38098K [0x0000000704600000, 0x0000000800000000)
  region size 2048K, 3 young (6144K), 3 survivors (6144K)
 Metaspace       used 87005K, committed 88448K, reserved 1179648K
  class space    used 11878K, committed 12352K, reserved 1048576K
}
Event: 6366.476 GC heap before
{Heap before GC invocations=117 (full 21):
 garbage-first heap   total 102400K, used 85202K [0x0000000704600000, 0x0000000800000000)
  region size 2048K, 26 young (53248K), 3 survivors (6144K)
 Metaspace       used 86783K, committed 88064K, reserved 1179648K
  class space    used 11851K, committed 12352K, reserved 1048576K
}
Event: 6366.480 GC heap after
{Heap after GC invocations=118 (full 21):
 garbage-first heap   total 102400K, used 39836K [0x0000000704600000, 0x0000000800000000)
  region size 2048K, 2 young (4096K), 2 survivors (4096K)
 Metaspace       used 86783K, committed 88064K, reserved 1179648K
  class space    used 11851K, committed 12352K, reserved 1048576K
}
Event: 6581.386 GC heap before
{Heap before GC invocations=118 (full 21):
 garbage-first heap   total 102400K, used 84892K [0x0000000704600000, 0x0000000800000000)
  region size 2048K, 25 young (51200K), 2 survivors (4096K)
 Metaspace       used 86788K, committed 88064K, reserved 1179648K
  class space    used 11852K, committed 12352K, reserved 1048576K
}
Event: 6581.394 GC heap after
{Heap after GC invocations=119 (full 21):
 garbage-first heap   total 102400K, used 41825K [0x0000000704600000, 0x0000000800000000)
  region size 2048K, 3 young (6144K), 3 survivors (6144K)
 Metaspace       used 86788K, committed 88064K, reserved 1179648K
  class space    used 11852K, committed 12352K, reserved 1048576K
}
Event: 6692.914 GC heap before
{Heap before GC invocations=119 (full 21):
 garbage-first heap   total 102400K, used 66401K [0x0000000704600000, 0x0000000800000000)
  region size 2048K, 16 young (32768K), 3 survivors (6144K)
 Metaspace       used 86808K, committed 88064K, reserved 1179648K
  class space    used 11857K, committed 12352K, reserved 1048576K
}
Event: 6692.918 GC heap after
{Heap after GC invocations=120 (full 21):
 garbage-first heap   total 102400K, used 42505K [0x0000000704600000, 0x0000000800000000)
  region size 2048K, 2 young (4096K), 2 survivors (4096K)
 Metaspace       used 86808K, committed 88064K, reserved 1179648K
  class space    used 11857K, committed 12352K, reserved 1048576K
}
Event: 6897.056 GC heap before
{Heap before GC invocations=121 (full 21):
 garbage-first heap   total 102400K, used 75273K [0x0000000704600000, 0x0000000800000000)
  region size 2048K, 20 young (40960K), 2 survivors (4096K)
 Metaspace       used 86611K, committed 88064K, reserved 1179648K
  class space    used 11815K, committed 12352K, reserved 1048576K
}
Event: 6897.136 GC heap after
{Heap after GC invocations=122 (full 22):
 garbage-first heap   total 102400K, used 32407K [0x0000000704600000, 0x0000000800000000)
  region size 2048K, 0 young (0K), 0 survivors (0K)
 Metaspace       used 86584K, committed 88064K, reserved 1179648K
  class space    used 11809K, committed 12352K, reserved 1048576K
}
Event: 6897.825 GC heap before
{Heap before GC invocations=122 (full 22):
 garbage-first heap   total 102400K, used 87703K [0x0000000704600000, 0x0000000800000000)
  region size 2048K, 27 young (55296K), 0 survivors (0K)
 Metaspace       used 86904K, committed 88064K, reserved 1179648K
  class space    used 11865K, committed 12352K, reserved 1048576K
}
Event: 6897.830 GC heap after
{Heap after GC invocations=123 (full 22):
 garbage-first heap   total 102400K, used 38551K [0x0000000704600000, 0x0000000800000000)
  region size 2048K, 3 young (6144K), 3 survivors (6144K)
 Metaspace       used 86904K, committed 88064K, reserved 1179648K
  class space    used 11865K, committed 12352K, reserved 1048576K
}
Event: 7124.060 GC heap before
{Heap before GC invocations=124 (full 22):
 garbage-first heap   total 102400K, used 85655K [0x0000000704600000, 0x0000000800000000)
  region size 2048K, 26 young (53248K), 3 survivors (6144K)
 Metaspace       used 87312K, committed 88256K, reserved 1179648K
  class space    used 11899K, committed 12352K, reserved 1048576K
}

