# JRE version: OpenJDK Runtime Environment Temurin-21.0.3+9 (21.0.3+9) (build 21.0.3+9-LTS)
# Java VM: OpenJDK 64-Bit Server VM Temurin-21.0.3+9 (21.0.3+9-LTS, mixed mode, emulated-client, sharing, tiered, compressed oops, compressed class ptrs, g1 gc, windows-amd64)
GC Precious Log:
 CardTable entry size: 512
 Card Set container configuration: InlinePtr #cards 4 size 8 Array Of Cards #cards 16 size 48 Howl #buckets 8 coarsen threshold 3686 Howl Bitmap #cards 512 size 80 coarsen threshold 460 Card regions per heap region 1 cards per card region 4096
 CPUs: 8 total, 8 available
 Memory: 16101M
 Large Page Support: Disabled
 NUMA Support: Disabled
 Compressed Oops: Enabled (Zero based)
 Heap Region Size: 2M
 Heap Min Capacity: 8M
 Heap Initial Capacity: 252M
 Heap Max Capacity: 4026M
 Pre-touch: Disabled
 Parallel Workers: 8
 Concurrent Workers: 2
 Concurrent Refinement Workers: 8
 Periodic GC: Disabled
Heap:
 garbage-first heap   total 102400K, used 85929K [0x0000000704600000, 0x0000000800000000)
  region size 2048K, 25 young (51200K), 2 survivors (4096K)
 Metaspace       used 84741K, committed 86144K, reserved 1179648K
  class space    used 11642K, committed 12224K, reserved 1048576K
GC Heap History (20 events):
Event: 3028.981 GC heap after
{Heap after GC invocations=243 (full 31):
 garbage-first heap   total 102400K, used 36383K [0x0000000704600000, 0x0000000800000000)
  region size 2048K, 1 young (2048K), 1 survivors (2048K)
 Metaspace       used 84085K, committed 86144K, reserved 1179648K
  class space    used 11577K, committed 12224K, reserved 1048576K
}
Event: 3066.385 GC heap before
{Heap before GC invocations=244 (full 31):
 garbage-first heap   total 102400K, used 91679K [0x0000000704600000, 0x0000000800000000)
  region size 2048K, 28 young (57344K), 1 survivors (2048K)
 Metaspace       used 84095K, committed 86144K, reserved 1179648K
  class space    used 11578K, committed 12224K, reserved 1048576K
}
Event: 3066.388 GC heap after
{Heap after GC invocations=245 (full 31):
 garbage-first heap   total 102400K, used 36688K [0x0000000704600000, 0x0000000800000000)
  region size 2048K, 1 young (2048K), 1 survivors (2048K)
 Metaspace       used 84095K, committed 86144K, reserved 1179648K
  class space    used 11578K, committed 12224K, reserved 1048576K
}
Event: 3103.315 GC heap before
{Heap before GC invocations=245 (full 31):
 garbage-first heap   total 102400K, used 91984K [0x0000000704600000, 0x0000000800000000)
  region size 2048K, 28 young (57344K), 1 survivors (2048K)
 Metaspace       used 84095K, committed 86144K, reserved 1179648K
  class space    used 11578K, committed 12224K, reserved 1048576K
}
Event: 3103.324 GC heap after
{Heap after GC invocations=246 (full 31):
 garbage-first heap   total 102400K, used 35457K [0x0000000704600000, 0x0000000800000000)
  region size 2048K, 1 young (2048K), 1 survivors (2048K)
 Metaspace       used 84095K, committed 86144K, reserved 1179648K
  class space    used 11578K, committed 12224K, reserved 1048576K
}
Event: 3141.865 GC heap before
{Heap before GC invocations=246 (full 31):
 garbage-first heap   total 102400K, used 92801K [0x0000000704600000, 0x0000000800000000)
  region size 2048K, 29 young (59392K), 1 survivors (2048K)
 Metaspace       used 84095K, committed 86144K, reserved 1179648K
  class space    used 11578K, committed 12224K, reserved 1048576K
}
Event: 3141.868 GC heap after
{Heap after GC invocations=247 (full 31):
 garbage-first heap   total 102400K, used 35568K [0x0000000704600000, 0x0000000800000000)
  region size 2048K, 1 young (2048K), 1 survivors (2048K)
 Metaspace       used 84095K, committed 86144K, reserved 1179648K
  class space    used 11578K, committed 12224K, reserved 1048576K
}
Event: 3156.427 GC heap before
{Heap before GC invocations=248 (full 31):
 garbage-first heap   total 102400K, used 58096K [0x0000000704600000, 0x0000000800000000)
  region size 2048K, 13 young (26624K), 1 survivors (2048K)
 Metaspace       used 84118K, committed 86144K, reserved 1179648K
  class space    used 11583K, committed 12224K, reserved 1048576K
}
Event: 3156.505 GC heap after
{Heap after GC invocations=249 (full 32):
 garbage-first heap   total 102400K, used 30860K [0x0000000704600000, 0x0000000800000000)
  region size 2048K, 0 young (0K), 0 survivors (0K)
 Metaspace       used 84088K, committed 86144K, reserved 1179648K
  class space    used 11576K, committed 12224K, reserved 1048576K
}
Event: 3157.427 GC heap before
{Heap before GC invocations=249 (full 32):
 garbage-first heap   total 102400K, used 77964K [0x0000000704600000, 0x0000000800000000)
  region size 2048K, 25 young (51200K), 0 survivors (0K)
 Metaspace       used 84396K, committed 86144K, reserved 1179648K
  class space    used 11629K, committed 12224K, reserved 1048576K
}
Event: 3157.431 GC heap after
{Heap after GC invocations=250 (full 32):
 garbage-first heap   total 102400K, used 36313K [0x0000000704600000, 0x0000000800000000)
  region size 2048K, 3 young (6144K), 3 survivors (6144K)
 Metaspace       used 84396K, committed 86144K, reserved 1179648K
  class space    used 11629K, committed 12224K, reserved 1048576K
}
Event: 3165.612 GC heap before
{Heap before GC invocations=251 (full 32):
 garbage-first heap   total 102400K, used 83417K [0x0000000704600000, 0x0000000800000000)
  region size 2048K, 26 young (53248K), 3 survivors (6144K)
 Metaspace       used 84817K, committed 86144K, reserved 1179648K
  class space    used 11663K, committed 12224K, reserved 1048576K
}
Event: 3165.628 GC heap after
{Heap after GC invocations=252 (full 32):
 garbage-first heap   total 102400K, used 38752K [0x0000000704600000, 0x0000000800000000)
  region size 2048K, 2 young (4096K), 2 survivors (4096K)
 Metaspace       used 84817K, committed 86144K, reserved 1179648K
  class space    used 11663K, committed 12224K, reserved 1048576K
}
Event: 3196.193 GC heap before
{Heap before GC invocations=252 (full 32):
 garbage-first heap   total 102400K, used 83808K [0x0000000704600000, 0x0000000800000000)
  region size 2048K, 24 young (49152K), 2 survivors (4096K)
 Metaspace       used 84817K, committed 86144K, reserved 1179648K
  class space    used 11663K, committed 12224K, reserved 1048576K
}
Event: 3196.200 GC heap after
{Heap after GC invocations=253 (full 32):
 garbage-first heap   total 102400K, used 39637K [0x0000000704600000, 0x0000000800000000)
  region size 2048K, 2 young (4096K), 2 survivors (4096K)
 Metaspace       used 84817K, committed 86144K, reserved 1179648K
  class space    used 11663K, committed 12224K, reserved 1048576K
}
Event: 3228.737 GC heap before
{Heap before GC invocations=253 (full 32):
 garbage-first heap   total 102400K, used 86741K [0x0000000704600000, 0x0000000800000000)
  region size 2048K, 25 young (51200K), 2 survivors (4096K)
 Metaspace       used 84827K, committed 86144K, reserved 1179648K
  class space    used 11664K, committed 12224K, reserved 1048576K
}
Event: 3228.741 GC heap after
{Heap after GC invocations=254 (full 32):
 garbage-first heap   total 102400K, used 39296K [0x0000000704600000, 0x0000000800000000)
  region size 2048K, 2 young (4096K), 2 survivors (4096K)
 Metaspace       used 84827K, committed 86144K, reserved 1179648K
  class space    used 11664K, committed 12224K, reserved 1048576K
}
Event: 3259.863 GC heap before
{Heap before GC invocations=255 (full 32):
 garbage-first heap   total 102400K, used 86400K [0x0000000704600000, 0x0000000800000000)
  region size 2048K, 25 young (51200K), 2 survivors (4096K)
 Metaspace       used 84737K, committed 86144K, reserved 1179648K
  class space    used 11641K, committed 12224K, reserved 1048576K
}
Event: 3259.865 GC heap after
{Heap after GC invocations=256 (full 32):
 garbage-first heap   total 102400K, used 38825K [0x0000000704600000, 0x0000000800000000)
  region size 2048K, 2 young (4096K), 2 survivors (4096K)
 Metaspace       used 84737K, committed 86144K, reserved 1179648K
  class space    used 11641K, committed 12224K, reserved 1048576K
}
Event: 3291.096 GC heap before
{Heap before GC invocations=256 (full 32):
 garbage-first heap   total 102400K, used 85929K [0x0000000704600000, 0x0000000800000000)
  region size 2048K, 25 young (51200K), 2 survivors (4096K)
 Metaspace       used 84741K, committed 86144K, reserved 1179648K
  class space    used 11642K, committed 12224K, reserved 1048576K
}

