# JRE version: OpenJDK Runtime Environment Temurin-21.0.3+9 (21.0.3+9) (build 21.0.3+9-LTS)
# Java VM: OpenJDK 64-Bit Server VM Temurin-21.0.3+9 (21.0.3+9-LTS, mixed mode, emulated-client, sharing, tiered, compressed oops, compressed class ptrs, g1 gc, windows-amd64)
GC Precious Log:
 CardTable entry size: 512
 Card Set container configuration: InlinePtr #cards 4 size 8 Array Of Cards #cards 16 size 48 Howl #buckets 8 coarsen threshold 3686 Howl Bitmap #cards 512 size 80 coarsen threshold 460 Card regions per heap region 1 cards per card region 4096
 CPUs: 8 total, 8 available
 Memory: 16101M
 Large Page Support: Disabled
 NUMA Support: Disabled
 Compressed Oops: Enabled (Zero based)
 Heap Region Size: 2M
 Heap Min Capacity: 8M
 Heap Initial Capacity: 252M
 Heap Max Capacity: 4026M
 Pre-touch: Disabled
 Parallel Workers: 8
 Concurrent Workers: 2
 Concurrent Refinement Workers: 8
 Periodic GC: Disabled
Heap:
 garbage-first heap   total 102400K, used 83125K [0x0000000704600000, 0x0000000800000000)
  region size 2048K, 23 young (47104K), 2 survivors (4096K)
 Metaspace       used 100868K, committed 101952K, reserved 1179648K
  class space    used 12783K, committed 13312K, reserved 1048576K
GC Heap History (20 events):
Event: 2106.801 GC heap after
{Heap after GC invocations=151 (full 43):
 garbage-first heap   total 102400K, used 39399K [0x0000000704600000, 0x0000000800000000)
  region size 2048K, 3 young (6144K), 3 survivors (6144K)
 Metaspace       used 96803K, committed 98048K, reserved 1179648K
  class space    used 12504K, committed 13248K, reserved 1048576K
}
Event: 2107.088 GC heap before
{Heap before GC invocations=151 (full 43):
 garbage-first heap   total 102400K, used 84455K [0x0000000704600000, 0x0000000800000000)
  region size 2048K, 25 young (51200K), 3 survivors (6144K)
 Metaspace       used 97544K, committed 98752K, reserved 1179648K
  class space    used 12553K, committed 13248K, reserved 1048576K
}
Event: 2107.093 GC heap after
{Heap after GC invocations=152 (full 43):
 garbage-first heap   total 102400K, used 41813K [0x0000000704600000, 0x0000000800000000)
  region size 2048K, 2 young (4096K), 2 survivors (4096K)
 Metaspace       used 97544K, committed 98752K, reserved 1179648K
  class space    used 12553K, committed 13248K, reserved 1048576K
}
Event: 2183.994 GC heap before
{Heap before GC invocations=152 (full 43):
 garbage-first heap   total 102400K, used 64341K [0x0000000704600000, 0x0000000800000000)
  region size 2048K, 15 young (30720K), 2 survivors (4096K)
 Metaspace       used 97739K, committed 98944K, reserved 1179648K
  class space    used 12553K, committed 13248K, reserved 1048576K
}
Event: 2184.078 GC heap after
{Heap after GC invocations=153 (full 44):
 garbage-first heap   total 102400K, used 35347K [0x0000000704600000, 0x0000000800000000)
  region size 2048K, 0 young (0K), 0 survivors (0K)
 Metaspace       used 97720K, committed 98944K, reserved 1179648K
  class space    used 12550K, committed 13248K, reserved 1048576K
}
Event: 2184.733 GC heap before
{Heap before GC invocations=153 (full 44):
 garbage-first heap   total 102400K, used 84499K [0x0000000704600000, 0x0000000800000000)
  region size 2048K, 25 young (51200K), 0 survivors (0K)
 Metaspace       used 97972K, committed 99136K, reserved 1179648K
  class space    used 12574K, committed 13248K, reserved 1048576K
}
Event: 2184.736 GC heap after
{Heap after GC invocations=154 (full 44):
 garbage-first heap   total 102400K, used 40021K [0x0000000704600000, 0x0000000800000000)
  region size 2048K, 3 young (6144K), 3 survivors (6144K)
 Metaspace       used 97972K, committed 99136K, reserved 1179648K
  class space    used 12574K, committed 13248K, reserved 1048576K
}
Event: 2185.109 GC heap before
{Heap before GC invocations=154 (full 44):
 garbage-first heap   total 102400K, used 83029K [0x0000000704600000, 0x0000000800000000)
  region size 2048K, 24 young (49152K), 3 survivors (6144K)
 Metaspace       used 98716K, committed 99840K, reserved 1179648K
  class space    used 12626K, committed 13248K, reserved 1048576K
}
Event: 2185.113 GC heap after
{Heap after GC invocations=155 (full 44):
 garbage-first heap   total 102400K, used 42251K [0x0000000704600000, 0x0000000800000000)
  region size 2048K, 2 young (4096K), 2 survivors (4096K)
 Metaspace       used 98716K, committed 99840K, reserved 1179648K
  class space    used 12626K, committed 13248K, reserved 1048576K
}
Event: 2198.210 GC heap before
{Heap before GC invocations=155 (full 44):
 garbage-first heap   total 102400K, used 64779K [0x0000000704600000, 0x0000000800000000)
  region size 2048K, 14 young (28672K), 2 survivors (4096K)
 Metaspace       used 98938K, committed 100096K, reserved 1179648K
  class space    used 12627K, committed 13248K, reserved 1048576K
}
Event: 2198.298 GC heap after
{Heap after GC invocations=156 (full 45):
 garbage-first heap   total 102400K, used 34856K [0x0000000704600000, 0x0000000800000000)
  region size 2048K, 0 young (0K), 0 survivors (0K)
 Metaspace       used 98918K, committed 100096K, reserved 1179648K
  class space    used 12624K, committed 13248K, reserved 1048576K
}
Event: 2198.856 GC heap before
{Heap before GC invocations=156 (full 45):
 garbage-first heap   total 102400K, used 86056K [0x0000000704600000, 0x0000000800000000)
  region size 2048K, 26 young (53248K), 0 survivors (0K)
 Metaspace       used 99193K, committed 100288K, reserved 1179648K
  class space    used 12653K, committed 13248K, reserved 1048576K
}
Event: 2198.860 GC heap after
{Heap after GC invocations=157 (full 45):
 garbage-first heap   total 102400K, used 39643K [0x0000000704600000, 0x0000000800000000)
  region size 2048K, 3 young (6144K), 3 survivors (6144K)
 Metaspace       used 99193K, committed 100288K, reserved 1179648K
  class space    used 12653K, committed 13248K, reserved 1048576K
}
Event: 2199.194 GC heap before
{Heap before GC invocations=157 (full 45):
 garbage-first heap   total 102400K, used 86747K [0x0000000704600000, 0x0000000800000000)
  region size 2048K, 26 young (53248K), 3 survivors (6144K)
 Metaspace       used 99965K, committed 101056K, reserved 1179648K
  class space    used 12711K, committed 13248K, reserved 1048576K
}
Event: 2199.200 GC heap after
{Heap after GC invocations=158 (full 45):
 garbage-first heap   total 102400K, used 42254K [0x0000000704600000, 0x0000000800000000)
  region size 2048K, 2 young (4096K), 2 survivors (4096K)
 Metaspace       used 99965K, committed 101056K, reserved 1179648K
  class space    used 12711K, committed 13248K, reserved 1048576K
}
Event: 2516.459 GC heap before
{Heap before GC invocations=158 (full 45):
 garbage-first heap   total 102400K, used 83214K [0x0000000704600000, 0x0000000800000000)
  region size 2048K, 23 young (47104K), 2 survivors (4096K)
 Metaspace       used 99968K, committed 101056K, reserved 1179648K
  class space    used 12712K, committed 13248K, reserved 1048576K
}
Event: 2516.546 GC heap after
{Heap after GC invocations=159 (full 46):
 garbage-first heap   total 102400K, used 35326K [0x0000000704600000, 0x0000000800000000)
  region size 2048K, 0 young (0K), 0 survivors (0K)
 Metaspace       used 99948K, committed 101056K, reserved 1179648K
  class space    used 12708K, committed 13248K, reserved 1048576K
}
Event: 2517.125 GC heap before
{Heap before GC invocations=159 (full 46):
 garbage-first heap   total 102400K, used 84478K [0x0000000704600000, 0x0000000800000000)
  region size 2048K, 25 young (51200K), 0 survivors (0K)
 Metaspace       used 100192K, committed 101248K, reserved 1179648K
  class space    used 12735K, committed 13248K, reserved 1048576K
}
Event: 2517.129 GC heap after
{Heap after GC invocations=160 (full 46):
 garbage-first heap   total 102400K, used 40117K [0x0000000704600000, 0x0000000800000000)
  region size 2048K, 3 young (6144K), 3 survivors (6144K)
 Metaspace       used 100192K, committed 101248K, reserved 1179648K
  class space    used 12735K, committed 13248K, reserved 1048576K
}
Event: 2609.893 GC heap before
{Heap before GC invocations=160 (full 46):
 garbage-first heap   total 102400K, used 83125K [0x0000000704600000, 0x0000000800000000)
  region size 2048K, 24 young (49152K), 3 survivors (6144K)
 Metaspace       used 100868K, committed 101952K, reserved 1179648K
  class space    used 12783K, committed 13312K, reserved 1048576K
}

